<?xml version="1.0" encoding="UTF-8"?>
<!-- Generated by org.testng.reporters.JUnitXMLReporter -->
<testsuite ignored="7" hostname="DESKTOP-T1VS9JI" failures="0" tests="3" name="API" time="0.043" errors="0" timestamp="2023-04-19T12:28:08 EEST">
  <testcase classname="Tests.day3" name="APILoginCARLOAN" time="0.006"/>
  <testcase classname="Tests.day4" name="WebLoginHOMELOAN" time="0.002"/>
  <testcase classname="Tests.day4" name="APILoginHOMELOAN" time="0.001"/>
  <testcase classname="Tests.day1" name="personalLoan1" time="0.0">
    <ignored/>
  </testcase> <!-- personalLoan1 -->
  <testcase classname="Tests.day3" name="MobileLoginCARLOAN" time="0.0">
    <ignored/>
  </testcase> <!-- MobileLoginCARLOAN -->
  <testcase classname="Tests.day4" name="MobileLogoutHOMELOAN" time="0.0">
    <ignored/>
  </testcase> <!-- MobileLogoutHOMELOAN -->
  <testcase classname="Tests.day1" name="personalLoan2" time="0.0">
    <ignored/>
  </testcase> <!-- personalLoan2 -->
  <testcase classname="Tests.day2" name="personalLoan3" time="0.0">
    <ignored/>
  </testcase> <!-- personalLoan3 -->
  <testcase classname="Tests.day3" name="WebLoginCARLOAN" time="0.0">
    <ignored/>
  </testcase> <!-- WebLoginCARLOAN -->
  <testcase classname="Tests.day4" name="MobileLoginHOMELOAN" time="0.0">
    <ignored/>
  </testcase> <!-- MobileLoginHOMELOAN -->
</testsuite> <!-- API -->
