<?xml version="1.0" encoding="UTF-8"?>
<!-- Generated by org.testng.reporters.JUnitXMLReporter -->
<testsuite ignored="2" hostname="DESKTOP-T1VS9JI" failures="0" tests="1" name="Car Loan" time="0.003" errors="0" timestamp="2023-04-27T23:09:39 EEST">
  <testcase classname="Tests.day3" name="WebLoginCARLOAN" time="0.001"/>
  <testcase classname="Tests.day3" name="MobileLoginCARLOAN" time="0.0">
    <ignored/>
  </testcase> <!-- MobileLoginCARLOAN -->
  <testcase classname="Tests.day3" name="APILoginCARLOAN" time="0.0">
    <ignored/>
  </testcase> <!-- APILoginCARLOAN -->
</testsuite> <!-- Car Loan -->
