<?xml version="1.0" encoding="UTF-8"?>
<!-- Generated by org.testng.reporters.JUnitXMLReporter -->
<testsuite ignored="2" hostname="DESKTOP-T1VS9JI" failures="0" tests="2" name="Home Loan" time="0.01" errors="0" timestamp="2023-04-27T23:09:39 EEST">
  <testcase classname="Tests.day4" name="WebLoginHOMELOAN" time="0.005"/>
  <testcase classname="Tests.day4" name="APILoginHOMELOAN" time="0.001"/>
  <testcase classname="Tests.day4" name="MobileLogoutHOMELOAN" time="0.0">
    <ignored/>
  </testcase> <!-- MobileLogoutHOMELOAN -->
  <testcase classname="Tests.day4" name="MobileLoginHOMELOAN" time="0.0">
    <ignored/>
  </testcase> <!-- MobileLoginHOMELOAN -->
</testsuite> <!-- Home Loan -->
