<?xml version="1.0" encoding="UTF-8"?>
<!-- Generated by org.testng.reporters.JUnitXMLReporter -->
<testsuite ignored="0" hostname="DESKTOP-T1VS9JI" failures="0" tests="6" name="Personal Loan" time="0.047" errors="0" timestamp="2023-04-27T23:09:39 EEST">
  <testcase classname="Tests.day1" name="dataProv" time="0.003"/>
  <testcase classname="Tests.day1" name="dataProv" time="0.001"/>
  <testcase classname="Tests.day1" name="dataProv" time="0.001"/>
  <testcase classname="Tests.day1" name="personalLoan1" time="0.003"/>
  <testcase classname="Tests.day1" name="showURL" time="0.0"/>
  <testcase classname="Tests.day2" name="personalLoan3" time="0.001"/>
</testsuite> <!-- Personal Loan -->
